[+] Success! Logged In, Bot Starting
ALREADY DONE :  ['analyste', 'https://www.linkedin.com/in/ludovic-girodon-52552929/', 'Ludovic Girodon']
ALREADY DONE :  ['analyste', 'https://www.linkedin.com/in/jenna-tounsi/', 'Jenna Tounsi']
ALREADY DONE :  ['analyste', 'https://www.linkedin.com/in/maxencechauffour/', 'Maxence Chauffour']
ALREADY DONE :  ['analyste', 'https://www.linkedin.com/in/fa%C3%AFza-akermi-1b225b106/', 'Faïza Akermi']
ALREADY DONE :  ['analyste', 'https://www.linkedin.com/in/c%C3%A9cilia-clement-9938378a/', 'Cécilia CLEMENT']
ALREADY DONE :  ['analyste', 'https://www.linkedin.com/in/justine-c-88a054159/', 'Justine C.']
ALREADY DONE :  ['analyste', 'https://www.linkedin.com/in/emna-dhifalli-finance/', 'Emna DHIFALLI']
ALREADY DONE :  ['analyste', 'https://www.linkedin.com/in/flaviencoron/', 'Flavien Coron']
ALREADY DONE :  ['analyste', 'https://www.linkedin.com/in/benjaminverny/', 'Benjamin VERNY ☆ ANALYSTE FINANCIER']
ALREADY DONE :  ['analyste', 'https://www.linkedin.com/in/fabien-cluzel-b4672110a/', 'Fabien Cluzel']
ALREADY DONE :  ['analyste', 'https://www.linkedin.com/in/karine-dupont-992a3bb7/', 'karine dupont']
ALREADY DONE :  ['analyste', 'https://www.linkedin.com/in/wendy-xu-251118104/', 'WENDY Xu']
ALREADY DONE :  ['analyste', 'https://www.linkedin.com/in/adrien-tourbet/', 'Adrien Tourbet']
ALREADY DONE :  ['analyste', 'https://www.linkedin.com/in/carolereymondie/', 'Carole REYMONDIE']
ALREADY DONE :  ['analyste', 'https://www.linkedin.com/in/anouar-sabri-b5600314b/', 'Anouar Sabri']
ALREADY DONE :  ['analyste', 'https://www.linkedin.com/in/meriam-ben-khmila-9890a6162/', 'Meriam Ben khmila']
ALREADY DONE :  ['analyste', 'https://www.linkedin.com/in/justine-jozefowicz-84443195/', 'Justine Jozefowicz']
ALREADY DONE :  ['analyste', 'https://www.linkedin.com/in/jeremyclarisse/', 'Jérémy Clarisse']
ALREADY DONE :  ['analyste', 'https://www.linkedin.com/in/f%C3%A9lix-luttiau-salmon-34861310b/', 'Félix Luttiau-Salmon']
ALREADY DONE :  ['analyste', 'https://www.linkedin.com/in/amira-maloufi/', 'Amira Maloufi']
ALREADY DONE :  ['analyste', 'https://www.linkedin.com/in/jahida-nabet-348725ab/', 'Jahida Nabet']
ALREADY DONE :  ['analyste', 'https://www.linkedin.com/in/julie-gruner/', 'Julie Gruner']
ALREADY DONE :  ['analyste', 'https://www.linkedin.com/in/nina-velly/', 'Nina Velly']
ALREADY DONE :  ['analyste', 'https://www.linkedin.com/in/rodolphe-leung-pin-a499b8b8/', 'Rodolphe LEUNG PIN']
ALREADY DONE :  ['analyste', 'https://www.linkedin.com/in/naziha-hajjem-collin-8a4a68138/', 'Naziha Hajjem collin']
ALREADY DONE :  ['analyste', 'https://www.linkedin.com/in/l%C3%A9onard-lameyre-232858129/', 'Léonard LAMEYRE']
ALREADY DONE :  ['analyste', 'https://www.linkedin.com/in/han-zeng-43042883/', 'HAN ZENG']
ALREADY DONE :  ['analyste', 'https://www.linkedin.com/in/l-acalonneanalystecomportemental/', 'Louis-Augustin Calonne']
ALREADY DONE :  ['analyste', 'https://www.linkedin.com/in/madani-el-hidaoui-478abaa9/', 'Madani El hidaoui']
ALREADY DONE :  ['analyste', 'https://www.linkedin.com/in/benjamin-cohen-8bba32172/', 'Benjamin Cohen']
ALREADY DONE :  ['analyste', 'https://www.linkedin.com/in/nadia-chiu-b14707150/', 'Nadia Chiu']
ALREADY DONE :  ['analyste', 'https://www.linkedin.com/in/arnaud-jousseaume-923458a8/', 'Arnaud Jousseaume']
ALREADY DONE :  ['analyste', 'https://www.linkedin.com/in/caby-djedje-474731103/', 'Caby Djedje']
ALREADY DONE :  ['analyste', 'https://www.linkedin.com/in/cl%C3%A9mentine-breysse-a6010849/', 'Clémentine BREYSSE']
ALREADY DONE :  ['analyste', 'https://www.linkedin.com/in/hamdou-sognane/', 'Hamdou SOGNANE']
ALREADY DONE :  ['analyste', 'https://www.linkedin.com/in/souhayla-senhaji-764a7174/', 'Souhayla Senhaji']
ALREADY DONE :  ['analyste', 'https://www.linkedin.com/in/oriane-gdalia-a32a0414b/', 'Oriane Gdalia']
ALREADY DONE :  ['analyste', 'https://www.linkedin.com/in/marc-olivier-longpr%C3%A9/', 'Marc-Olivier Longpré']
ALREADY DONE :  ['analyste', 'https://www.linkedin.com/in/alexandre-farhi-3698b4b1/', 'Alexandre Farhi']
ALREADY DONE :  ['analyste', 'https://www.linkedin.com/in/safet-canovic-29401aa5/', 'Safet CANOVIC']
ALREADY DONE :  ['analyste', 'https://www.linkedin.com/in/adrien-lagarde-6b652435/', 'Adrien Lagarde']
ALREADY DONE :  ['analyste', 'https://www.linkedin.com/in/esther-raguin-b6093388/', 'Esther Raguin']
ALREADY DONE :  ['analyste', 'https://www.linkedin.com/in/alexandre-carvalhos/', 'Alexandre Carvalhos']
ALREADY DONE :  ['analyste', 'https://www.linkedin.com/in/anais-macaret/', 'Anaïs Macaret']
ALREADY DONE :  ['analyste', 'https://www.linkedin.com/in/cl%C3%A9mence-le-sire-24b049a6/', 'Clémence Le Sire']
ALREADY DONE :  ['analyste', 'https://www.linkedin.com/in/joris-zanna-555a82109/', 'Joris Zanna']
ALREADY DONE :  ['analyste', 'https://www.linkedin.com/in/jules-arthur-kehren-a2a933114/', 'Jules-Arthur Kehren']
ALREADY DONE :  ['analyste', 'https://www.linkedin.com/in/youssoupha-cisse-92376aa0/', 'Youssoupha Cisse']
ALREADY DONE :  ['analyste', 'https://www.linkedin.com/in/elise-marraud-des-grottes-52912359/', 'Elise Marraud des Grottes']
ALREADY DONE :  ['analyste', 'https://www.linkedin.com/in/lionel-h-a6005346/', 'Lionel H']
ALREADY DONE :  ['analyste', 'https://www.linkedin.com/in/francescasuarez/', 'Francesca Suarez Villarica']
ALREADY DONE :  ['analyste', 'https://www.linkedin.com/in/ruddykanika/', 'Ruddy Kanika']
ALREADY DONE :  ['analyste', 'https://www.linkedin.com/in/charlotte-vaisse-542b83150/', 'Charlotte Vaisse']
ALREADY DONE :  ['analyste', 'https://www.linkedin.com/in/arnaud-dr%C3%A9vo-2989b526/', 'Arnaud Drévo']
ALREADY DONE :  ['analyste', 'https://www.linkedin.com/in/g%C3%A9raud-desazars-de-montgailhard-6122a4135/', 'Géraud Desazars de Montgailhard']
ALREADY DONE :  ['analyste', 'https://www.linkedin.com/in/rania-hamadou-ali-027927154/', 'Rania Hamadou Ali']
ALREADY DONE :  ['analyste', 'https://www.linkedin.com/in/elise-joandet-214942100/', 'Elise Joandet']
ALREADY DONE :  ['analyste', 'https://www.linkedin.com/in/mounia-hakam-575424102/', 'Mounia Hakam']
ALREADY DONE :  ['analyste', 'https://www.linkedin.com/in/emilio-johnston/', 'Emilio Johnston']
ALREADY DONE :  ['analyste', 'https://www.linkedin.com/in/amine-bennekrouf/', 'Amine Bennekrouf']
ALREADY DONE :  ['analyste', 'https://www.linkedin.com/in/imane-hariri-04910b113/', 'Imane HARIRI']
ALREADY DONE :  ['analyste', 'https://www.linkedin.com/in/taisiia-gorobei-3b4a1387/', 'Taisiia Gorobei']
ALREADY DONE :  ['analyste', 'https://www.linkedin.com/in/histane-ihssane-6a2606b2/', 'HISTANE Ihssane']
ALREADY DONE :  ['analyste', 'https://www.linkedin.com/in/samir-a-828209130/', 'samir A.']
ALREADY DONE :  ['analyste', 'https://www.linkedin.com/in/m%C3%A9gane-lewis/', 'Mégane Lewis']
ALREADY DONE :  ['analyste', 'https://www.linkedin.com/in/zhi-lin-993672131/', 'Zhi LIN']
ALREADY DONE :  ['analyste', 'https://www.linkedin.com/in/dina-hancco-herrera-3923bb140/', 'Dina Hancco Herrera']
ALREADY DONE :  ['analyste', 'https://www.linkedin.com/in/maxime-bragato-087292ab/', 'Maxime Bragato']
https://www.linkedin.com/in/achrafseddik/
UL PART OK
ALL LI PART OK
CURENT POST = Data-Scientist - Analyste quantitatif chez Crédit Agricole CIB
contract_type not found
================================= SUMMARY
PRENOM =  Achraf
NOM =  SEDDIK
===========corporate_name 
Crédit Agricole CIB
===========contract_type 
UNAVAILABLE
===========duree 
Durée d’emploi
1 an 4 mois
===========from_to 
Dates d’emploi
janv. 2019 – Aujourd’hui
LIST DEBUG ['1', 'an', '4', 'mois']
COMPTEUR EXPERIENCE =  1 an 4 mois 0.26666666666666666
contract_type not found
================================= SUMMARY
PRENOM =  Achraf
NOM =  SEDDIK
===========corporate_name 
ESSCA
===========contract_type 
UNAVAILABLE
===========duree 
Durée d’emploi
2 ans 1 mois
===========from_to 
Dates d’emploi
sept. 2017 – sept. 2019
LIST DEBUG ['2', 'ans', '1', 'mois']
COMPTEUR EXPERIENCE =  2 ans 1 mois 0.6833333333333333
contract_type not found
================================= SUMMARY
PRENOM =  Achraf
NOM =  SEDDIK
===========corporate_name 
Société Générale
===========contract_type 
UNAVAILABLE
===========duree 
Durée d’emploi
3 ans 2 mois2020-04-14 14:17:50,968 | root             | ERROR    |  SLEEP 6
2020-04-14 14:19:10,378 | root             | ERROR    |  SLEEP 3
2020-04-14 14:20:33,063 | root             | ERROR    |  SLEEP 7

===========from_to 
Dates d’emploi
nov. 2015 – déc. 2018
LIST DEBUG ['3', 'ans', '2', 'mois']
COMPTEUR EXPERIENCE =  3 ans 2 mois 1.3166666666666667
contract_type not found
================================= SUMMARY
PRENOM =  Achraf
NOM =  SEDDIK
===========corporate_name 
CEPN - Sorbonne Paris Cité
===========contract_type 
UNAVAILABLE
===========duree 
Durée d’emploi
5 ans
===========from_to 
Dates d’emploi
2010 – sept. 2015
LIST DEBUG ['5', 'ans']
COMPTEUR EXPERIENCE =  5 ans 2.316666666666667
contract_type not found
================================= SUMMARY
PRENOM =  Achraf
NOM =  SEDDIK
===========corporate_name 
Université Paris 8 Vincennes-Saint-Denis
===========contract_type 
UNAVAILABLE
===========duree 
Durée d’emploi
3 ans
===========from_to 
Dates d’emploi
sept. 2012 – août 2015
LIST DEBUG ['3', 'ans']
COMPTEUR EXPERIENCE =  3 ans 2.9166666666666665
COUNT = 0
KO TO SEND FOLLOW ONLY : EXP =  175  MOIS WORKED_EY = False
sup a 90 mois
ALREADY DONE :  ['analyste', 'https://www.linkedin.com/in/arthur-cohen9/', 'Arthur Cohen']
ALREADY DONE :  ['analyste', 'https://www.linkedin.com/in/ornella-kpode/', 'Ornella Kpode']
ALREADY DONE :  ['analyste', 'https://www.linkedin.com/in/djamel-a-b450432/', 'Djamel A.']
ALREADY DONE :  ['analyste', 'https://www.linkedin.com/in/youssef-lboukili-549b5966/', 'Youssef LBOUKILI']
https://www.linkedin.com/in/nganimalibida/
Unable to find experience tab => Investigate
CURENT POST = Analyste Corporate Finance - A la recherche d’opportunités
COUNT = 0
KO TO SEND FOLLOW ONLY : EXP =  0  MOIS WORKED_EY = False
inferieur a 48 mois
ALREADY DONE :  ['analyste', 'https://www.linkedin.com/in/axel-selva-331223100/', 'Axel Selva']
ALREADY DONE :  ['analyste', 'https://www.linkedin.com/in/alexandre-adwokat-2672bb52/', 'Alexandre Adwokat']
ALREADY DONE :  ['analyste', 'https://www.linkedin.com/in/thomas-lefran%C3%A7ois-934557b8/', 'Thomas Lefrançois']
ALREADY DONE :  ['analyste', 'https://www.linkedin.com/in/s%C3%A9r%C3%A9na-de-sa/', 'Séréna DE SA']
ALREADY DONE :  ['analyste', 'https://www.linkedin.com/in/noelclement/', 'Noël CLEMENT']
ALREADY DONE :  ['analyste', 'https://www.linkedin.com/in/kelly-nguyen-767a0a127/', 'Kelly NGUYEN']
ALREADY DONE :  ['analyste', 'https://www.linkedin.com/in/nicolas-m/', 'Nicolas M.']
ALREADY DONE :  ['analyste', 'https://www.linkedin.com/in/laetitia-raymond-364a0058/', 'Laetitia Raymond']
ALREADY DONE :  ['analyste', 'https://www.linkedin.com/in/hugo-robiliard-133385b3/', 'Hugo Robiliard']
ALREADY DONE :  ['analyste', 'https://www.linkedin.com/in/antonin-mayran/', 'Antonin Mayran']
ALREADY DONE :  ['analyste', 'https://www.linkedin.com/in/paul-mazingant/', 'Paul Mazingant']
ALREADY DONE :  ['analyste', 'https://www.linkedin.com/in/kenza-benkirane-871803a0/', 'kenza Benkirane']
ALREADY DONE :  ['analyste', 'https://www.linkedin.com/in/safae-mechkouri-1a7484111/', 'Safae MECHKOURI']
ALREADY DONE :  ['analyste', 'https://www.linkedin.com/in/caroline-souvannarath-a13849102/', 'Caroline Souvannarath']
ALREADY DONE :  ['analyste', 'https://www.linkedin.com/in/maxime-biawou/', 'Maxime Biawou']
ALREADY DONE :  ['analyste', 'https://www.linkedin.com/in/guillaume-best-58929632/', 'Guillaume Best']
ALREADY DONE :  ['analyste', 'https://www.linkedin.com/in/olivier-dhesse-4510a318/', 'Olivier Dhesse']
ALREADY DONE :  ['analyste', 'https://www.linkedin.com/in/mayukogomez/', 'Stéphanie Mayuko GOMEZ']
ALREADY DONE :  ['analyste', 'https://www.linkedin.com/in/aghyles-oughanem/', 'Aghyles OUGHANEM']
ALREADY DONE :  ['analyste', 'https://www.linkedin.com/in/laura-miceli-carnot-12b35b54/', 'Laura Miceli (Carnot)']
ALREADY DONE :  ['analyste', 'https://www.linkedin.com/in/hmamasoufiane/', 'soufiane hmama']
ALREADY DONE :  ['analyste', 'https://www.linkedin.com/in/maud-clavelin-giordan-6053942a/', 'Maud CLAVELIN GIORDAN']
ALREADY DONE :  ['analyste', 'https://www.linkedin.com/in/patherne-kotto-b34698147/', 'Patherne KOTTO']
ALREADY DONE :  ['analyste', 'https://www.linkedin.com/in/judicael-tombofeno-196b3517/', 'Judicael Tombofeno']
ALREADY DONE :  ['analyste', 'https://www.linkedin.com/in/mohamed-atrari-%F0%9F%94%91-629b6381/', 'Mohamed ATRARI 🔑']
ALREADY DONE :  ['analyste', 'https://www.linkedin.com/in/evelyne-phich-26464370/', 'Evelyne PHICH']
ALREADY DONE :  ['analyste', 'https://www.linkedin.com/in/isabelle-pichereau-1394395a/', 'Isabelle Pichereau']
ALREADY DONE :  ['analyste', 'https://www.linkedin.com/in/yade-bonheur-mavoungou-141261155/', 'Yade bonheur Mavoungou']
ALREADY DONE :  ['analyste', 'https://www.linkedin.com/in/asmaa-moubset-b3500967/', 'Asmaa MOUBSET']
ALREADY DONE :  ['analyste', 'https://www.linkedin.com/in/dounia-el-filali-72812b7b/', 'Dounia El Filali']
ALREADY DONE :  ['analyste', 'https://www.linkedin.com/in/fadila-apouamoun-b16683132/', 'Fadila APOUAMOUN']
ALREADY DONE :  ['analyste', 'https://www.linkedin.com/in/olivier-barboni-80b90a117/', 'Olivier Barboni']
ALREADY DONE :  ['analyste', 'https://www.linkedin.com/in/luismlourenco/', 'Luis Lourenço']
ALREADY DONE :  ['analyste', 'https://www.linkedin.com/in/edouardguerin/', 'Edouard GUERIN']
ALREADY DONE :  ['analyste', 'https://www.linkedin.com/in/c%C3%A9line-mourin-59a889120/', 'Céline Mourin']
ALREADY DONE :  ['analyste', 'https://www.linkedin.com/in/antoinesassier/', 'Antoine Sassier']
ALREADY DONE :  ['analyste', 'https://www.linkedin.com/in/amina-szczygiel-bengoua-213720a2/', 'Amina Szczygiel- Bengoua']
ALREADY DONE :  ['analyste', 'https://www.linkedin.com/in/claire-russel-4452bb101/', 'Claire Russel']
ALREADY DONE :  ['analyste', 'https://www.linkedin.com/in/fatima-houfi-9a2689150/', 'Fatima HOUFI']
ALREADY DONE :  ['analyste', 'https://www.linkedin.com/in/yohannlopes/', 'Yohann Lopes']
ALREADY DONE :  ['analyste', 'https://www.linkedin.com/in/g%C3%A9rard-bourobou-462283a0/', 'Gérard Bourobou']
ALREADY DONE :  ['analyste', 'https://www.linkedin.com/in/damien-zafrani-1a122096/', 'Damien ZAFRANI']
ALREADY DONE :  ['analyste', 'https://www.linkedin.com/in/louis-schmidt-257b69136/', 'Louis Schmidt']
ALREADY DONE :  ['analyste', 'https://www.linkedin.com/in/raymond-lay-ab742aab/', 'Raymond Lay']
ALREADY DONE :  ['analyste', 'https://www.linkedin.com/in/albane-b%C3%A9chetoille-4bb63629/', 'Albane Béchetoille']
ALREADY DONE :  ['analyste', 'https://www.linkedin.com/in/maud-clavelin-giordan-6053942a/', 'Maud CLAVELIN GIORDAN']
ALREADY DONE :  ['analyste', 'https://www.linkedin.com/in/justine-c-88a054159/', 'Justine C.']
ALREADY DONE :  ['analyste', 'https://www.linkedin.com/in/jean-marie-p%C3%A9an-1916b8b8/', 'Jean-Marie Péan']
ALREADY DONE :  ['analyste', 'https://www.linkedin.com/in/galliengirardot/', 'Gallien Girardot']
ALREADY DONE :  ['analyste', 'https://www.linkedin.com/in/gr%C3%A9goire-burdeau-175406bb/', 'Grégoire Burdeau']
ALREADY DONE :  ['analyste', 'https://www.linkedin.com/in/damien-zafrani-1a122096/', 'Damien ZAFRANI']
ALREADY DONE :  ['analyste', 'https://www.linkedin.com/in/claire-russel-4452bb101/', 'Claire Russel']
ALREADY DONE :  ['analyste', 'https://www.linkedin.com/in/ranya-amahzoune-61ab49100/', 'Ranya AMAHZOUNE']
ALREADY DONE :  ['analyste', 'https://www.linkedin.com/in/bohbotjulien/', 'Julien Bohbot']
ALREADY DONE :  ['analyste', 'https://www.linkedin.com/in/albane-b%C3%A9chetoille-4bb63629/', 'Albane Béchetoille']
ALREADY DONE :  ['analyste', 'https://www.linkedin.com/in/juliette-pivin/', 'Juliette Pivin']
ALREADY DONE :  ['analyste', 'https://www.linkedin.com/in/fran%C3%A7ois-henri-champagne-14b980136/', 'François-Henri Champagne']
ALREADY DONE :  ['analyste', 'https://www.linkedin.com/in/mouna-alla-764b39113/', 'Mouna Alla']
ALREADY DONE :  ['analyste', 'https://www.linkedin.com/in/sofia-zouagui/', 'Sofia Zouagui']
ALREADY DONE :  ['analyste', 'https://www.linkedin.com/in/bruno-celerier-67ba464a/', 'Bruno CELERIER']
ALREADY DONE :  ['analyste', 'https://www.linkedin.com/in/didierlogre/', 'Didier LOGRE']
https://www.linkedin.com/in/claudine-fortune-master-6b2294a8/
Unable to find experience tab => Investigate
CURENT POST = Analyste Comptable - Stratégie financière
COUNT = 0
KO TO SEND FOLLOW ONLY : EXP =  0  MOIS WORKED_EY = False
inferieur a 48 mois
ALREADY DONE : 